[01m[K/home/darren/catkin_ws/src/offboard_pkg/src/offboard_node.cpp:[m[K In function â€˜[01m[Kint main(int, char**)[m[Kâ€™:
[01m[K/home/darren/catkin_ws/src/offboard_pkg/src/offboard_node.cpp:34:68:[m[K [01;31m[Kerror: [m[Kâ€˜[01m[KTwist[m[Kâ€™ is not a member of â€˜[01m[Kgeometry_msgs[m[Kâ€™
   34 |     ros::Publisher local_cmd_vel_pub = nh.advertise<geometry_msgs::[01;31m[KTwist[m[K>
      |                                                                    [01;31m[K^~~~~[m[K
[01m[K/home/darren/catkin_ws/src/offboard_pkg/src/offboard_node.cpp:34:68:[m[K [01;31m[Kerror: [m[Kâ€˜[01m[KTwist[m[Kâ€™ is not a member of â€˜[01m[Kgeometry_msgs[m[Kâ€™
[01m[K/home/darren/catkin_ws/src/offboard_pkg/src/offboard_node.cpp:35:62:[m[K [01;31m[Kerror: [m[Kno matching function for call to â€˜[01m[Kros::NodeHandle::advertise<<expression error> >(const char [43], int)[m[Kâ€™
   35 |             ("mavros/setpoint_velocity/cmd_vel_unstamped", 10[01;31m[K)[m[K;
      |                                                              [01;31m[K^[m[K
In file included from [01m[K/opt/ros/noetic/include/ros/ros.h:45[m[K,
                 from [01m[K/home/darren/catkin_ws/src/offboard_pkg/src/offboard_node.cpp:7[m[K:
[01m[K/opt/ros/noetic/include/ros/node_handle.h:249:15:[m[K [01;36m[Knote: [m[Kcandidate: â€˜[01m[Ktemplate<class M> ros::Publisher ros::NodeHandle::advertise(const string&, uint32_t, bool)[m[Kâ€™
  249 |     Publisher [01;36m[Kadvertise[m[K(const std::string& topic, uint32_t queue_size, bool latch = false)
      |               [01;36m[K^~~~~~~~~[m[K
[01m[K/opt/ros/noetic/include/ros/node_handle.h:249:15:[m[K [01;36m[Knote: [m[K  template argument deduction/substitution failed:
[01m[K/home/darren/catkin_ws/src/offboard_pkg/src/offboard_node.cpp:35:62:[m[K [01;31m[Kerror: [m[Ktemplate argument 1 is invalid
   35 |             ("mavros/setpoint_velocity/cmd_vel_unstamped", 10[01;31m[K)[m[K;
      |                                                              [01;31m[K^[m[K
In file included from [01m[K/opt/ros/noetic/include/ros/ros.h:45[m[K,
                 from [01m[K/home/darren/catkin_ws/src/offboard_pkg/src/offboard_node.cpp:7[m[K:
[01m[K/opt/ros/noetic/include/ros/node_handle.h:315:13:[m[K [01;36m[Knote: [m[Kcandidate: â€˜[01m[Ktemplate<class M> ros::Publisher ros::NodeHandle::advertise(const string&, uint32_t, const SubscriberStatusCallback&, const SubscriberStatusCallback&, const VoidConstPtr&, bool)[m[Kâ€™
  315 |   Publisher [01;36m[Kadvertise[m[K(const std::string& topic, uint32_t queue_size,
      |             [01;36m[K^~~~~~~~~[m[K
[01m[K/opt/ros/noetic/include/ros/node_handle.h:315:13:[m[K [01;36m[Knote: [m[K  template argument deduction/substitution failed:
[01m[K/home/darren/catkin_ws/src/offboard_pkg/src/offboard_node.cpp:35:62:[m[K [01;31m[Kerror: [m[Ktemplate argument 1 is invalid
   35 |             ("mavros/setpoint_velocity/cmd_vel_unstamped", 10[01;31m[K)[m[K;
      |                                                              [01;31m[K^[m[K
make[2]: *** [CMakeFiles/offboard_node.dir/build.make:63: CMakeFiles/offboard_node.dir/src/offboard_node.cpp.o] Error 1
make[1]: *** [CMakeFiles/Makefile2:1017: CMakeFiles/offboard_node.dir/all] Error 2
make: *** [Makefile:141: all] Error 2
